<?xml version="1.0" encoding="UTF-8"?>
<!-- Generated by org.testng.reporters.JUnitReportReporter -->
<testsuite skipped="0" hostname="QSG-LP-043" name="requirements.OneTrustAutomation" tests="1" failures="0" timestamp="26 Mar 2017 11:35:08 GMT" time="105.538" errors="0">
  <testcase name="fillAllFieldsAndTakeScreenshot" time="105.538" classname="requirements.OneTrustAutomation"/>
</testsuite> <!-- requirements.OneTrustAutomation -->
